29 Dec 20 20:09:13:discord.client:logging in using static token
29 Dec 20 20:09:14:discord.gateway:Shard ID None has sent the IDENTIFY payload.
29 Dec 20 20:09:14:discord.gateway:Shard ID None has connected to Gateway: ["gateway-prd-main-p9br",{"micros":110077,"calls":["discord-sessions-prd-2-41",{"micros":108799,"calls":["start_session",{"micros":74909,"calls":["api-prd-main-n0sp",{"micros":68972,"calls":["get_user",{"micros":5842},"add_authorized_ip",{"micros":3511},"get_guilds",{"micros":29787},"coros_wait",{"micros":1}]}]},"guilds_connect",{"micros":2,"calls":[]},"presence_connect",{"micros":12704,"calls":[]}]}]}] (Session ID: c3cfc8742e0b45c23604af0c7a658a62).
29 Dec 20 20:09:23:root:笘｢ﾉザ竄ｹ竄ｦ竄ｬ竄ｹ$笘｢: bot-testing: w0ch4#1238: w0ch4: .coin 50
29 Dec 20 20:09:24:root:笘｢ﾉザ竄ｹ竄ｦ竄ｬ竄ｹ$笘｢: bot-testing: AlwaysOnDude#2603: AlwaysOnDude: 
29 Dec 20 20:10:01:root:笘｢ﾉザ竄ｹ竄ｦ竄ｬ竄ｹ$笘｢: w0ch4#1238 gained 1 points
29 Dec 20 20:10:05:root:笘｢ﾉザ竄ｹ竄ｦ竄ｬ竄ｹ$笘｢: w0ch4#1238 gained 1 points
29 Dec 20 20:10:10:root:笘｢ﾉザ竄ｹ竄ｦ竄ｬ竄ｹ$笘｢: w0ch4#1238 gained 1 points
29 Dec 20 20:10:12:root:笘｢ﾉザ竄ｹ竄ｦ竄ｬ竄ｹ$笘｢: w0ch4#1238 gained 1 points
29 Dec 20 20:59:30:root:笘｢ﾉザ竄ｹ竄ｦ竄ｬ竄ｹ$笘｢: bot-testing: w0ch4#1238: w0ch4: .balance
29 Dec 20 20:59:31:root:笘｢ﾉザ竄ｹ竄ｦ竄ｬ竄ｹ$笘｢: bot-testing: AlwaysOnDude#2603: AlwaysOnDude: :bank: <@420058166651256842> has **2308** coins:moneybag:
29 Dec 20 21:09:17:root:笘｢ﾉザ竄ｹ竄ｦ竄ｬ竄ｹ$笘｢: 汳ｬgeneral: AlwaysOnDude#2603: AlwaysOnDude: 
29 Dec 20 21:09:27:root:笘｢ﾉザ竄ｹ竄ｦ竄ｬ竄ｹ$笘｢: w0ch4#1238 gained 1 points
29 Dec 20 21:09:28:root:笘｢ﾉザ竄ｹ竄ｦ竄ｬ竄ｹ$笘｢: 汳ｬgeneral: AlwaysOnDude#2603: AlwaysOnDude: :bank:: :gift: <@420058166651256842> got the random drop of **250** coins:moneybag:
29 Dec 20 22:44:13:discord.client:Got a request to RESUME the websocket.
29 Dec 20 22:44:16:discord.gateway:Shard ID None has sent the RESUME payload.
29 Dec 20 22:44:16:discord.gateway:Shard ID None has successfully RESUMED session c3cfc8742e0b45c23604af0c7a658a62 under trace ["gateway-prd-main-g396",{"micros":5436,"calls":["discord-sessions-prd-2-41",{"micros":16}]}].
29 Dec 20 23:09:17:root:Bot testing: general: AlwaysOnDude#2603: AlwaysOnDude: 
29 Dec 20 23:09:32:root:Bot testing: w0ch4#1238 gained 1 points
29 Dec 20 23:09:33:root:Bot testing: general: AlwaysOnDude#2603: AlwaysOnDude: :bank:: :gift: <@420058166651256842> got the random drop of **25** coins:moneybag:
29 Dec 20 23:28:28:discord.client:Got a request to RESUME the websocket.
29 Dec 20 23:28:29:discord.gateway:Shard ID None has sent the RESUME payload.
29 Dec 20 23:28:29:discord.gateway:Shard ID None has successfully RESUMED session c3cfc8742e0b45c23604af0c7a658a62 under trace ["gateway-prd-main-k87v",{"micros":1230,"calls":["discord-sessions-prd-2-41",{"micros":14}]}].
30 Dec 20 01:30:27:discord.client:Got a request to RESUME the websocket.
30 Dec 20 01:30:28:discord.gateway:Shard ID None has sent the RESUME payload.
30 Dec 20 01:30:28:discord.gateway:Shard ID None has successfully RESUMED session c3cfc8742e0b45c23604af0c7a658a62 under trace ["gateway-prd-main-fl4v",{"micros":2582,"calls":["discord-sessions-prd-2-41",{"micros":16}]}].
30 Dec 20 01:38:33:discord.client:Cleaning up tasks.
30 Dec 20 01:38:33:discord.client:Cleaning up after 2 tasks.
30 Dec 20 01:38:33:discord.client:All tasks finished cancelling.
30 Dec 20 01:38:33:discord.client:Closing the event loop.
